<?xml version="1.0" encoding="UTF-8"?>
<!-- Generated by org.testng.reporters.JUnitReportReporter -->
<testsuite hostname="GGKU4DELL1323" name="com.mytest.webscraping.CricbuzzWebScraping2" tests="1" failures="0" timestamp="13 Sep 2020 12:51:20 GMT" time="31.022" errors="0">
  <testcase name="testMethod" time="31.022" classname="com.mytest.webscraping.CricbuzzWebScraping2"/>
</testsuite> <!-- com.mytest.webscraping.CricbuzzWebScraping2 -->
