<?xml version="1.0" encoding="UTF-8"?>
<!-- Generated by org.testng.reporters.JUnitReportReporter -->
<testsuite hostname="GGKU4DELL1323" name="com.mytest.webscraping.OracleCreateAccount" tests="1" failures="0" timestamp="1 Oct 2020 14:31:20 GMT" time="33.458" errors="0">
  <testcase name="testMethod" time="33.458" classname="com.mytest.webscraping.OracleCreateAccount"/>
</testsuite> <!-- com.mytest.webscraping.OracleCreateAccount -->
