<?xml version="1.0" encoding="UTF-8"?>
<!-- Generated by org.testng.reporters.JUnitReportReporter -->
<testsuite hostname="GGKU4DELL1323" name="com.mytest.webscraping.CricbuzzWebScraping" tests="1" failures="0" timestamp="13 Sep 2020 12:59:48 GMT" time="15.799" errors="0">
  <testcase name="testMethod" time="15.799" classname="com.mytest.webscraping.CricbuzzWebScraping"/>
</testsuite> <!-- com.mytest.webscraping.CricbuzzWebScraping -->
